<?xml version="1.0" encoding="UTF-8"?>
<!-- Generated by org.testng.reporters.JUnitXMLReporter -->
<testsuite ignored="7" hostname="WBOX62" failures="0" tests="0" name="SanityTest" time="0.15" errors="0" timestamp="2024-01-12T18:24:54 IST">
  <testcase classname="SSIAgroworlds.Homepage" name="buyerDetails" time="0.0">
    <ignored/>
  </testcase> <!-- buyerDetails -->
  <testcase classname="SSIAgroworlds.Homepage" name="productDetails" time="0.0">
    <ignored/>
  </testcase> <!-- productDetails -->
  <testcase classname="SSIAgroworlds.Homepage" name="sendReviewTrade" time="0.0">
    <ignored/>
  </testcase> <!-- sendReviewTrade -->
  <testcase classname="SSIAgroworlds.Homepage" name="homepage" time="0.0">
    <ignored/>
  </testcase> <!-- homepage -->
  <testcase classname="SSIAgroworlds.Homepage" name="sellerDetails" time="0.0">
    <ignored/>
  </testcase> <!-- sellerDetails -->
  <testcase classname="SSIAgroworlds.Homepage" name="shipmentDetails" time="0.0">
    <ignored/>
  </testcase> <!-- shipmentDetails -->
  <testcase classname="SSIAgroworlds.Homepage" name="TradeDetails" time="0.0">
    <ignored/>
  </testcase> <!-- TradeDetails -->
</testsuite> <!-- SanityTest -->
