<?xml version="1.0" encoding="UTF-8"?>
<testng-results ignored="0" total="4" passed="4" failed="0" skipped="0">
  <reporter-output>
  </reporter-output>
  <suite started-at="2024-04-12T07:54:37Z" name="Suite" finished-at="2024-04-12T07:54:51Z" duration-ms="14601">
    <groups>
    </groups>
    <test started-at="2024-04-12T07:54:37Z" name="Test" finished-at="2024-04-12T07:54:51Z" duration-ms="14601">
      <class name="com.agroworlds.login.tests.LoginClass">
        <test-method is-config="true" signature="setUp(java.lang.String)[pri:0, instance:com.agroworlds.login.tests.LoginClass@5400db36]" started-at="2024-04-12T07:54:37Z" name="setUp" finished-at="2024-04-12T07:54:39Z" duration-ms="2601" status="PASS">
          <params>
            <param index="0">
              <value>
                <![CDATA[chrome]]>
              </value>
            </param>
          </params>
          <reporter-output>
          </reporter-output>
        </test-method> <!-- setUp -->
        <test-method signature="loginWithValidCredential()[pri:1, instance:com.agroworlds.login.tests.LoginClass@5400db36]" started-at="2024-04-12T07:54:39Z" name="loginWithValidCredential" finished-at="2024-04-12T07:54:48Z" duration-ms="9219" status="PASS">
          <reporter-output>
          </reporter-output>
        </test-method> <!-- loginWithValidCredential -->
        <test-method signature="loginWithInValidCredential()[pri:2, instance:com.agroworlds.login.tests.LoginClass@5400db36]" started-at="2024-04-12T07:54:48Z" name="loginWithInValidCredential" finished-at="2024-04-12T07:54:50Z" duration-ms="1266" status="PASS">
          <reporter-output>
          </reporter-output>
        </test-method> <!-- loginWithInValidCredential -->
        <test-method signature="loginWithBlankFields()[pri:3, instance:com.agroworlds.login.tests.LoginClass@5400db36]" started-at="2024-04-12T07:54:50Z" name="loginWithBlankFields" finished-at="2024-04-12T07:54:50Z" duration-ms="503" status="PASS">
          <reporter-output>
          </reporter-output>
        </test-method> <!-- loginWithBlankFields -->
        <test-method signature="loginWithPasswordFieldBlank()[pri:4, instance:com.agroworlds.login.tests.LoginClass@5400db36]" started-at="2024-04-12T07:54:50Z" name="loginWithPasswordFieldBlank" finished-at="2024-04-12T07:54:51Z" duration-ms="675" status="PASS">
          <reporter-output>
          </reporter-output>
        </test-method> <!-- loginWithPasswordFieldBlank -->
        <test-method is-config="true" signature="tearDown()[pri:0, instance:com.agroworlds.login.tests.LoginClass@5400db36]" started-at="2024-04-12T07:54:51Z" name="tearDown" finished-at="2024-04-12T07:54:51Z" duration-ms="296" status="PASS">
          <reporter-output>
          </reporter-output>
        </test-method> <!-- tearDown -->
      </class> <!-- com.agroworlds.login.tests.LoginClass -->
    </test> <!-- Test -->
  </suite> <!-- Suite -->
</testng-results>
