<?xml version="1.0" encoding="UTF-8"?>
<testsuite xmlns:xsi="http://www.w3.org/2001/XMLSchema-instance" xsi:noNamespaceSchemaLocation="https://maven.apache.org/surefire/maven-surefire-plugin/xsd/surefire-test-report-3.0.xsd" version="3.0" name="TestSuite" time="16.222" tests="4" errors="0" skipped="0" failures="0">
  <properties>
[...]
</properties>
  <testcase name="loginWithValidCredential" classname="com.agroworlds.login.tests.LoginClass" time="9.224">
    <system-out><![CDATA[[TestNGContentHandler] [WARN] It is strongly recommended to add "<!DOCTYPE suite SYSTEM "http://testng.org/testng-1.0.dtd" >" at the top of your file, otherwise TestNG may fail or not work as expected.
Test Suite started!
loginWithValidCredential started!
[INFO ] 2024-04-12 13:24:42.074 [main] BaseClass - User get logged in
https://stage.agroworlds.com/dashboard
]]></system-out>
    <system-err><![CDATA[Apr 12, 2024 1:24:38 PM org.openqa.selenium.devtools.CdpVersionFinder findNearestMatch
WARNING: Unable to find an exact match for CDP version 123, returning the closest version; found: 120; Please update to a Selenium version that supports CDP version 123
]]></system-err>
  </testcase>
  <testcase name="loginWithInValidCredential" classname="com.agroworlds.login.tests.LoginClass" time="1.329">
    <system-out><![CDATA[loginWithValidCredential passed!
loginWithInValidCredential started!
[INFO ] 2024-04-12 13:24:50.207 [main] BaseClass - User not able to get logged in due to incorrect credentials. 
]]></system-out>
  </testcase>
  <testcase name="loginWithBlankFields" classname="com.agroworlds.login.tests.LoginClass" time="0.451">
    <system-out><![CDATA[loginWithInValidCredential passed!
loginWithBlankFields started!
[INFO ] 2024-04-12 13:24:50.712 [main] BaseClass - User not able to get logged in due to empty username and password fields. 
]]></system-out>
  </testcase>
  <testcase name="loginWithPasswordFieldBlank" classname="com.agroworlds.login.tests.LoginClass" time="0.678">
    <system-out><![CDATA[loginWithBlankFields passed!
loginWithPasswordFieldBlank started!
[INFO ] 2024-04-12 13:24:51.387 [main] BaseClass - User not able to get logged in due to empty password field.
]]></system-out>
  </testcase>
</testsuite>