<?xml version="1.0" encoding="UTF-8"?>
<!-- Generated by org.testng.reporters.JUnitXMLReporter -->
<testsuite ignored="0" hostname="WBOX62" failures="0" tests="4" name="Test" time="65.567" errors="0" timestamp="2024-01-23T12:45:38 IST">
  <testcase classname="SSIAgroworlds.BDMPage" name="bdmlogin" time="5.92"/>
  <testcase classname="SSIAgroworlds.BDMPage" name="bdmApprove" time="13.83"/>
  <testcase classname="SSIAgroworlds.BDMPage" name="sellerApprove" time="22.18"/>
  <testcase classname="SSIAgroworlds.BDMPage" name="buyerApprove" time="18.186"/>
</testsuite> <!-- Test -->
