<?xml version="1.0" encoding="UTF-8"?>
<testng-results ignored="0" total="4" passed="4" failed="0" skipped="0">
  <reporter-output>
  </reporter-output>
  <suite started-at="2024-04-12T13:14:56 IST" name="Suite" finished-at="2024-04-12T13:15:21 IST" duration-ms="24694">
    <groups>
    </groups>
    <test started-at="2024-04-12T13:14:56 IST" name="Test" finished-at="2024-04-12T13:15:21 IST" duration-ms="24694">
      <class name="com.agroworlds.login.tests.LoginClass">
        <test-method is-config="true" signature="setUp(java.lang.String)[pri:0, instance:com.agroworlds.login.tests.LoginClass@74cadd41]" started-at="2024-04-12T13:14:56 IST" name="setUp" finished-at="2024-04-12T13:15:03 IST" duration-ms="7038" status="PASS">
          <params>
            <param index="0">
              <value>
                <![CDATA[chrome]]>
              </value>
            </param>
          </params>
          <reporter-output>
          </reporter-output>
        </test-method> <!-- setUp -->
        <test-method signature="loginWithValidCredential()[pri:1, instance:com.agroworlds.login.tests.LoginClass@74cadd41]" started-at="2024-04-12T13:15:03 IST" name="loginWithValidCredential" finished-at="2024-04-12T13:15:17 IST" duration-ms="13454" status="PASS">
          <reporter-output>
          </reporter-output>
        </test-method> <!-- loginWithValidCredential -->
        <test-method signature="loginWithInValidCredential()[pri:2, instance:com.agroworlds.login.tests.LoginClass@74cadd41]" started-at="2024-04-12T13:15:17 IST" name="loginWithInValidCredential" finished-at="2024-04-12T13:15:18 IST" duration-ms="1591" status="PASS">
          <reporter-output>
          </reporter-output>
        </test-method> <!-- loginWithInValidCredential -->
        <test-method signature="loginWithBlankFields()[pri:3, instance:com.agroworlds.login.tests.LoginClass@74cadd41]" started-at="2024-04-12T13:15:18 IST" name="loginWithBlankFields" finished-at="2024-04-12T13:15:19 IST" duration-ms="729" status="PASS">
          <reporter-output>
          </reporter-output>
        </test-method> <!-- loginWithBlankFields -->
        <test-method signature="loginWithPasswordFieldBlank()[pri:4, instance:com.agroworlds.login.tests.LoginClass@74cadd41]" started-at="2024-04-12T13:15:19 IST" name="loginWithPasswordFieldBlank" finished-at="2024-04-12T13:15:20 IST" duration-ms="820" status="PASS">
          <reporter-output>
          </reporter-output>
        </test-method> <!-- loginWithPasswordFieldBlank -->
        <test-method is-config="true" signature="tearDown()[pri:0, instance:com.agroworlds.login.tests.LoginClass@74cadd41]" started-at="2024-04-12T13:15:20 IST" name="tearDown" finished-at="2024-04-12T13:15:21 IST" duration-ms="753" status="PASS">
          <reporter-output>
          </reporter-output>
        </test-method> <!-- tearDown -->
      </class> <!-- com.agroworlds.login.tests.LoginClass -->
    </test> <!-- Test -->
  </suite> <!-- Suite -->
</testng-results>
