<?xml version="1.0" encoding="UTF-8"?>
<!-- Generated by org.testng.reporters.JUnitXMLReporter -->
<testsuite ignored="0" hostname="WBOX62" failures="0" tests="8" name="ChromeTest" time="40.99" errors="0" timestamp="2024-01-13T13:12:11 IST">
  <testcase classname="SSIAgroworlds.Homepage" name="login" time="3.21"/>
  <testcase classname="SSIAgroworlds.Homepage" name="homepage" time="7.333"/>
  <testcase classname="SSIAgroworlds.Homepage" name="TradeDetails" time="0.846"/>
  <testcase classname="SSIAgroworlds.Homepage" name="shipmentDetails" time="1.228"/>
  <testcase classname="SSIAgroworlds.Homepage" name="productDetails" time="9.797"/>
  <testcase classname="SSIAgroworlds.Homepage" name="sellerDetails" time="2.781"/>
  <testcase classname="SSIAgroworlds.Homepage" name="buyerDetails" time="7.805"/>
  <testcase classname="SSIAgroworlds.Homepage" name="sendReviewTrade" time="0.922"/>
</testsuite> <!-- ChromeTest -->
