<?xml version="1.0" encoding="UTF-8"?>
<!-- Generated by org.testng.reporters.JUnitXMLReporter -->
<testsuite ignored="0" hostname="WBOX62" failures="0" tests="8" name="EdgeTest" time="39.337" errors="0" timestamp="2024-01-13T13:16:29 IST">
  <testcase classname="SSIAgroworlds.Homepage" name="login" time="1.665"/>
  <testcase classname="SSIAgroworlds.Homepage" name="homepage" time="7.765"/>
  <testcase classname="SSIAgroworlds.Homepage" name="TradeDetails" time="0.801"/>
  <testcase classname="SSIAgroworlds.Homepage" name="shipmentDetails" time="0.935"/>
  <testcase classname="SSIAgroworlds.Homepage" name="productDetails" time="10.315"/>
  <testcase classname="SSIAgroworlds.Homepage" name="sellerDetails" time="2.93"/>
  <testcase classname="SSIAgroworlds.Homepage" name="buyerDetails" time="7.847"/>
  <testcase classname="SSIAgroworlds.Homepage" name="sendReviewTrade" time="0.954"/>
</testsuite> <!-- EdgeTest -->
